2025-02-10T18:55:40.906+05:30  INFO 23464 --- [member-management-service] [restartedMain] g.m.m.MemberManagementServiceApplication : Starting MemberManagementServiceApplication using Java 21.0.5 with PID 23464 (C:\Users\2380296\git\Gym Mangement Spring Project\member-management-service\target\classes started by 2380296 in C:\Users\2380296\git\Gym Mangement Spring Project\member-management-service)
2025-02-10T18:55:40.916+05:30  INFO 23464 --- [member-management-service] [restartedMain] g.m.m.MemberManagementServiceApplication : No active profile set, falling back to 1 default profile: "default"
2025-02-10T18:55:40.987+05:30  INFO 23464 --- [member-management-service] [restartedMain] o.s.c.c.c.ConfigServerConfigDataLoader   : Fetching config from server at : http://localhost:1234
2025-02-10T18:55:40.988+05:30  INFO 23464 --- [member-management-service] [restartedMain] o.s.c.c.c.ConfigServerConfigDataLoader   : Located environment: name=member-management-service, profiles=[default], label=null, version=fafb01cfeb56115e257d3079e6e4e99391f82993, state=
2025-02-10T18:55:40.992+05:30  INFO 23464 --- [member-management-service] [restartedMain] .e.DevToolsPropertyDefaultsPostProcessor : Devtools property defaults active! Set 'spring.devtools.add-properties' to 'false' to disable
2025-02-10T18:55:40.993+05:30  INFO 23464 --- [member-management-service] [restartedMain] .e.DevToolsPropertyDefaultsPostProcessor : For additional web related logging consider setting the 'logging.level.web' property to 'DEBUG'
2025-02-10T18:55:41.859+05:30  INFO 23464 --- [member-management-service] [restartedMain] .s.d.r.c.RepositoryConfigurationDelegate : Bootstrapping Spring Data JPA repositories in DEFAULT mode.
2025-02-10T18:55:42.054+05:30  INFO 23464 --- [member-management-service] [restartedMain] .s.d.r.c.RepositoryConfigurationDelegate : Finished Spring Data repository scanning in 182 ms. Found 2 JPA repository interfaces.
2025-02-10T18:55:42.435+05:30  INFO 23464 --- [member-management-service] [restartedMain] o.s.cloud.context.scope.GenericScope     : BeanFactory id=000744fb-f5f4-3e11-9a97-745e560070ea
2025-02-10T18:55:43.336+05:30  INFO 23464 --- [member-management-service] [restartedMain] o.s.b.w.embedded.tomcat.TomcatWebServer  : Tomcat initialized with port 8082 (http)
2025-02-10T18:55:43.352+05:30  INFO 23464 --- [member-management-service] [restartedMain] o.apache.catalina.core.StandardService   : Starting service [Tomcat]
2025-02-10T18:55:43.353+05:30  INFO 23464 --- [member-management-service] [restartedMain] o.apache.catalina.core.StandardEngine    : Starting Servlet engine: [Apache Tomcat/10.1.34]
2025-02-10T18:55:43.433+05:30  INFO 23464 --- [member-management-service] [restartedMain] o.a.c.c.C.[Tomcat].[localhost].[/]       : Initializing Spring embedded WebApplicationContext
2025-02-10T18:55:43.434+05:30  INFO 23464 --- [member-management-service] [restartedMain] w.s.c.ServletWebServerApplicationContext : Root WebApplicationContext: initialization completed in 2439 ms
2025-02-10T18:55:43.632+05:30  INFO 23464 --- [member-management-service] [restartedMain] o.hibernate.jpa.internal.util.LogHelper  : HHH000204: Processing PersistenceUnitInfo [name: default]
2025-02-10T18:55:43.707+05:30  INFO 23464 --- [member-management-service] [restartedMain] org.hibernate.Version                    : HHH000412: Hibernate ORM core version 6.6.5.Final
2025-02-10T18:55:43.751+05:30  INFO 23464 --- [member-management-service] [restartedMain] o.h.c.internal.RegionFactoryInitiator    : HHH000026: Second-level cache disabled
2025-02-10T18:55:44.066+05:30  INFO 23464 --- [member-management-service] [restartedMain] o.s.o.j.p.SpringPersistenceUnitInfo      : No LoadTimeWeaver setup: ignoring JPA class transformer
2025-02-10T18:55:44.106+05:30  INFO 23464 --- [member-management-service] [restartedMain] com.zaxxer.hikari.HikariDataSource       : HikariPool-1 - Starting...
2025-02-10T18:55:44.513+05:30  INFO 23464 --- [member-management-service] [restartedMain] com.zaxxer.hikari.pool.HikariPool        : HikariPool-1 - Added connection com.mysql.cj.jdbc.ConnectionImpl@77e7b56f
2025-02-10T18:55:44.516+05:30  INFO 23464 --- [member-management-service] [restartedMain] com.zaxxer.hikari.HikariDataSource       : HikariPool-1 - Start completed.
2025-02-10T18:55:44.576+05:30  WARN 23464 --- [member-management-service] [restartedMain] org.hibernate.orm.deprecation            : HHH90000025: MySQL8Dialect does not need to be specified explicitly using 'hibernate.dialect' (remove the property setting and it will be selected by default)
2025-02-10T18:55:44.577+05:30  WARN 23464 --- [member-management-service] [restartedMain] org.hibernate.orm.deprecation            : HHH90000026: MySQL8Dialect has been deprecated; use org.hibernate.dialect.MySQLDialect instead
2025-02-10T18:55:44.609+05:30  INFO 23464 --- [member-management-service] [restartedMain] org.hibernate.orm.connections.pooling    : HHH10001005: Database info:
	Database JDBC URL [Connecting through datasource 'HikariDataSource (HikariPool-1)']
	Database driver: undefined/unknown
	Database version: 8.0
	Autocommit mode: undefined/unknown
	Isolation level: undefined/unknown
	Minimum pool size: undefined/unknown
	Maximum pool size: undefined/unknown
2025-02-10T18:55:45.806+05:30  INFO 23464 --- [member-management-service] [restartedMain] o.h.e.t.j.p.i.JtaPlatformInitiator       : HHH000489: No JTA platform available (set 'hibernate.transaction.jta.platform' to enable JTA platform integration)
2025-02-10T18:55:45.907+05:30  INFO 23464 --- [member-management-service] [restartedMain] j.LocalContainerEntityManagerFactoryBean : Initialized JPA EntityManagerFactory for persistence unit 'default'
2025-02-10T18:55:46.564+05:30  WARN 23464 --- [member-management-service] [restartedMain] JpaBaseConfiguration$JpaWebConfiguration : spring.jpa.open-in-view is enabled by default. Therefore, database queries may be performed during view rendering. Explicitly configure spring.jpa.open-in-view to disable this warning
2025-02-10T18:55:47.511+05:30  WARN 23464 --- [member-management-service] [restartedMain] o.s.b.d.a.OptionalLiveReloadServer       : Unable to start LiveReload server
2025-02-10T18:55:47.646+05:30  INFO 23464 --- [member-management-service] [restartedMain] DiscoveryClientOptionalArgsConfiguration : Eureka HTTP Client uses RestTemplate.
2025-02-10T18:55:47.757+05:30  WARN 23464 --- [member-management-service] [restartedMain] iguration$LoadBalancerCaffeineWarnLogger : Spring Cloud LoadBalancer is currently working with the default cache. While this cache implementation is useful for development and tests, it's recommended to use Caffeine cache in production.You can switch to using Caffeine cache, by adding it and org.springframework.cache.caffeine.CaffeineCacheManager to the classpath.
2025-02-10T18:55:47.834+05:30  INFO 23464 --- [member-management-service] [restartedMain] o.s.c.n.eureka.InstanceInfoFactory       : Setting initial instance status as: STARTING
2025-02-10T18:55:47.877+05:30  INFO 23464 --- [member-management-service] [restartedMain] com.netflix.discovery.DiscoveryClient    : Initializing Eureka in region us-east-1
2025-02-10T18:55:47.884+05:30  INFO 23464 --- [member-management-service] [restartedMain] c.n.d.s.r.aws.ConfigClusterResolver      : Resolving eureka endpoints via configuration
2025-02-10T18:55:47.899+05:30  INFO 23464 --- [member-management-service] [restartedMain] com.netflix.discovery.DiscoveryClient    : Disable delta property : false
2025-02-10T18:55:47.899+05:30  INFO 23464 --- [member-management-service] [restartedMain] com.netflix.discovery.DiscoveryClient    : Single vip registry refresh property : null
2025-02-10T18:55:47.900+05:30  INFO 23464 --- [member-management-service] [restartedMain] com.netflix.discovery.DiscoveryClient    : Force full registry fetch : false
2025-02-10T18:55:47.900+05:30  INFO 23464 --- [member-management-service] [restartedMain] com.netflix.discovery.DiscoveryClient    : Application is null : false
2025-02-10T18:55:47.900+05:30  INFO 23464 --- [member-management-service] [restartedMain] com.netflix.discovery.DiscoveryClient    : Registered Applications size is zero : true
2025-02-10T18:55:47.900+05:30  INFO 23464 --- [member-management-service] [restartedMain] com.netflix.discovery.DiscoveryClient    : Application version is -1: true
2025-02-10T18:55:47.900+05:30  INFO 23464 --- [member-management-service] [restartedMain] com.netflix.discovery.DiscoveryClient    : Getting all instance registry info from the eureka server
2025-02-10T18:55:48.300+05:30  INFO 23464 --- [member-management-service] [restartedMain] com.netflix.discovery.DiscoveryClient    : The response status is 200
2025-02-10T18:55:48.303+05:30  INFO 23464 --- [member-management-service] [restartedMain] com.netflix.discovery.DiscoveryClient    : Starting heartbeat executor: renew interval is: 30
2025-02-10T18:55:48.306+05:30  INFO 23464 --- [member-management-service] [restartedMain] c.n.discovery.InstanceInfoReplicator     : InstanceInfoReplicator onDemand update allowed rate per min is 4
2025-02-10T18:55:48.309+05:30  INFO 23464 --- [member-management-service] [restartedMain] com.netflix.discovery.DiscoveryClient    : Discovery Client initialized at timestamp 1739193948309 with initial instances count: 2
2025-02-10T18:55:48.319+05:30  INFO 23464 --- [member-management-service] [restartedMain] o.s.c.n.e.s.EurekaServiceRegistry        : Registering application MEMBER-MANAGEMENT-SERVICE with eureka with status UP
2025-02-10T18:55:48.320+05:30  INFO 23464 --- [member-management-service] [restartedMain] com.netflix.discovery.DiscoveryClient    : Saw local status change event StatusChangeEvent [timestamp=1739193948320, current=UP, previous=STARTING]
2025-02-10T18:55:48.323+05:30  INFO 23464 --- [member-management-service] [DiscoveryClient-InstanceInfoReplicator-%d] com.netflix.discovery.DiscoveryClient    : DiscoveryClient_MEMBER-MANAGEMENT-SERVICE/LTIN563657.cts.com:member-management-service:8082: registering service...
2025-02-10T18:55:48.357+05:30  INFO 23464 --- [member-management-service] [restartedMain] o.s.b.w.embedded.tomcat.TomcatWebServer  : Tomcat started on port 8082 (http) with context path '/'
2025-02-10T18:55:48.359+05:30  INFO 23464 --- [member-management-service] [restartedMain] .s.c.n.e.s.EurekaAutoServiceRegistration : Updating port to 8082
2025-02-10T18:55:48.378+05:30  INFO 23464 --- [member-management-service] [restartedMain] g.m.m.MemberManagementServiceApplication : Started MemberManagementServiceApplication in 9.476 seconds (process running for 10.791)
2025-02-10T18:55:48.388+05:30  INFO 23464 --- [member-management-service] [DiscoveryClient-InstanceInfoReplicator-%d] com.netflix.discovery.DiscoveryClient    : DiscoveryClient_MEMBER-MANAGEMENT-SERVICE/LTIN563657.cts.com:member-management-service:8082 - registration status: 204
2025-02-10T18:56:22.601+05:30  INFO 23464 --- [member-management-service] [RMI TCP Connection(7)-127.0.0.1] inMXBeanRegistrar$SpringApplicationAdmin : Application shutdown requested.
2025-02-10T18:56:22.602+05:30  INFO 23464 --- [member-management-service] [RMI TCP Connection(7)-127.0.0.1] o.s.c.n.e.s.EurekaServiceRegistry        : Unregistering application MEMBER-MANAGEMENT-SERVICE with eureka with status DOWN
2025-02-10T18:56:22.602+05:30  INFO 23464 --- [member-management-service] [RMI TCP Connection(7)-127.0.0.1] com.netflix.discovery.DiscoveryClient    : Saw local status change event StatusChangeEvent [timestamp=1739193982602, current=DOWN, previous=UP]
2025-02-10T18:56:22.602+05:30  INFO 23464 --- [member-management-service] [DiscoveryClient-InstanceInfoReplicator-%d] com.netflix.discovery.DiscoveryClient    : DiscoveryClient_MEMBER-MANAGEMENT-SERVICE/LTIN563657.cts.com:member-management-service:8082: registering service...
2025-02-10T18:56:22.604+05:30  INFO 23464 --- [member-management-service] [RMI TCP Connection(7)-127.0.0.1] o.s.b.w.e.tomcat.GracefulShutdown        : Commencing graceful shutdown. Waiting for active requests to complete
2025-02-10T18:56:22.609+05:30  INFO 23464 --- [member-management-service] [tomcat-shutdown] o.s.b.w.e.tomcat.GracefulShutdown        : Graceful shutdown complete
2025-02-10T18:56:22.613+05:30  INFO 23464 --- [member-management-service] [RMI TCP Connection(7)-127.0.0.1] j.LocalContainerEntityManagerFactoryBean : Closing JPA EntityManagerFactory for persistence unit 'default'
2025-02-10T18:56:22.616+05:30  INFO 23464 --- [member-management-service] [RMI TCP Connection(7)-127.0.0.1] com.zaxxer.hikari.HikariDataSource       : HikariPool-1 - Shutdown initiated...
2025-02-10T18:56:22.621+05:30  INFO 23464 --- [member-management-service] [DiscoveryClient-InstanceInfoReplicator-%d] com.netflix.discovery.DiscoveryClient    : DiscoveryClient_MEMBER-MANAGEMENT-SERVICE/LTIN563657.cts.com:member-management-service:8082 - registration status: 204
2025-02-10T18:56:22.624+05:30  INFO 23464 --- [member-management-service] [RMI TCP Connection(7)-127.0.0.1] com.zaxxer.hikari.HikariDataSource       : HikariPool-1 - Shutdown completed.
2025-02-10T18:56:22.625+05:30  INFO 23464 --- [member-management-service] [RMI TCP Connection(7)-127.0.0.1] com.netflix.discovery.DiscoveryClient    : Shutting down DiscoveryClient ...
2025-02-10T18:56:25.635+05:30  INFO 23464 --- [member-management-service] [RMI TCP Connection(7)-127.0.0.1] com.netflix.discovery.DiscoveryClient    : Unregistering ...
2025-02-10T18:56:25.655+05:30  INFO 23464 --- [member-management-service] [RMI TCP Connection(7)-127.0.0.1] com.netflix.discovery.DiscoveryClient    : DiscoveryClient_MEMBER-MANAGEMENT-SERVICE/LTIN563657.cts.com:member-management-service:8082 - deregister  status: 200
2025-02-10T18:56:25.656+05:30  INFO 23464 --- [member-management-service] [RMI TCP Connection(7)-127.0.0.1] com.netflix.discovery.DiscoveryClient    : Completed shut down of DiscoveryClient
2025-02-10T18:56:34.665+05:30  INFO 9784 --- [member-management-service] [restartedMain] g.m.m.MemberManagementServiceApplication : Starting MemberManagementServiceApplication using Java 21.0.5 with PID 9784 (C:\Users\2380296\git\Gym Mangement Spring Project\member-management-service\target\classes started by 2380296 in C:\Users\2380296\git\Gym Mangement Spring Project\member-management-service)
2025-02-10T18:56:34.668+05:30  INFO 9784 --- [member-management-service] [restartedMain] g.m.m.MemberManagementServiceApplication : No active profile set, falling back to 1 default profile: "default"
2025-02-10T18:56:34.734+05:30  INFO 9784 --- [member-management-service] [restartedMain] o.s.c.c.c.ConfigServerConfigDataLoader   : Fetching config from server at : http://localhost:1234
2025-02-10T18:56:34.734+05:30  INFO 9784 --- [member-management-service] [restartedMain] o.s.c.c.c.ConfigServerConfigDataLoader   : Located environment: name=member-management-service, profiles=[default], label=null, version=fafb01cfeb56115e257d3079e6e4e99391f82993, state=
2025-02-10T18:56:34.736+05:30  INFO 9784 --- [member-management-service] [restartedMain] .e.DevToolsPropertyDefaultsPostProcessor : Devtools property defaults active! Set 'spring.devtools.add-properties' to 'false' to disable
2025-02-10T18:56:34.736+05:30  INFO 9784 --- [member-management-service] [restartedMain] .e.DevToolsPropertyDefaultsPostProcessor : For additional web related logging consider setting the 'logging.level.web' property to 'DEBUG'
2025-02-10T18:56:35.880+05:30  INFO 9784 --- [member-management-service] [restartedMain] .s.d.r.c.RepositoryConfigurationDelegate : Bootstrapping Spring Data JPA repositories in DEFAULT mode.
2025-02-10T18:56:36.065+05:30  INFO 9784 --- [member-management-service] [restartedMain] .s.d.r.c.RepositoryConfigurationDelegate : Finished Spring Data repository scanning in 176 ms. Found 2 JPA repository interfaces.
2025-02-10T18:56:36.397+05:30  INFO 9784 --- [member-management-service] [restartedMain] o.s.cloud.context.scope.GenericScope     : BeanFactory id=000744fb-f5f4-3e11-9a97-745e560070ea
2025-02-10T18:56:37.171+05:30  INFO 9784 --- [member-management-service] [restartedMain] o.s.b.w.embedded.tomcat.TomcatWebServer  : Tomcat initialized with port 8082 (http)
2025-02-10T18:56:37.189+05:30  INFO 9784 --- [member-management-service] [restartedMain] o.apache.catalina.core.StandardService   : Starting service [Tomcat]
2025-02-10T18:56:37.189+05:30  INFO 9784 --- [member-management-service] [restartedMain] o.apache.catalina.core.StandardEngine    : Starting Servlet engine: [Apache Tomcat/10.1.34]
2025-02-10T18:56:37.248+05:30  INFO 9784 --- [member-management-service] [restartedMain] o.a.c.c.C.[Tomcat].[localhost].[/]       : Initializing Spring embedded WebApplicationContext
2025-02-10T18:56:37.248+05:30  INFO 9784 --- [member-management-service] [restartedMain] w.s.c.ServletWebServerApplicationContext : Root WebApplicationContext: initialization completed in 2509 ms
2025-02-10T18:56:37.423+05:30  INFO 9784 --- [member-management-service] [restartedMain] o.hibernate.jpa.internal.util.LogHelper  : HHH000204: Processing PersistenceUnitInfo [name: default]
2025-02-10T18:56:37.476+05:30  INFO 9784 --- [member-management-service] [restartedMain] org.hibernate.Version                    : HHH000412: Hibernate ORM core version 6.6.5.Final
2025-02-10T18:56:37.516+05:30  INFO 9784 --- [member-management-service] [restartedMain] o.h.c.internal.RegionFactoryInitiator    : HHH000026: Second-level cache disabled
2025-02-10T18:56:37.783+05:30  INFO 9784 --- [member-management-service] [restartedMain] o.s.o.j.p.SpringPersistenceUnitInfo      : No LoadTimeWeaver setup: ignoring JPA class transformer
2025-02-10T18:56:37.820+05:30  INFO 9784 --- [member-management-service] [restartedMain] com.zaxxer.hikari.HikariDataSource       : HikariPool-1 - Starting...
2025-02-10T18:56:38.205+05:30  INFO 9784 --- [member-management-service] [restartedMain] com.zaxxer.hikari.pool.HikariPool        : HikariPool-1 - Added connection com.mysql.cj.jdbc.ConnectionImpl@6291f52d
2025-02-10T18:56:38.208+05:30  INFO 9784 --- [member-management-service] [restartedMain] com.zaxxer.hikari.HikariDataSource       : HikariPool-1 - Start completed.
2025-02-10T18:56:38.261+05:30  WARN 9784 --- [member-management-service] [restartedMain] org.hibernate.orm.deprecation            : HHH90000025: MySQL8Dialect does not need to be specified explicitly using 'hibernate.dialect' (remove the property setting and it will be selected by default)
2025-02-10T18:56:38.264+05:30  WARN 9784 --- [member-management-service] [restartedMain] org.hibernate.orm.deprecation            : HHH90000026: MySQL8Dialect has been deprecated; use org.hibernate.dialect.MySQLDialect instead
2025-02-10T18:56:38.287+05:30  INFO 9784 --- [member-management-service] [restartedMain] org.hibernate.orm.connections.pooling    : HHH10001005: Database info:
	Database JDBC URL [Connecting through datasource 'HikariDataSource (HikariPool-1)']
	Database driver: undefined/unknown
	Database version: 8.0
	Autocommit mode: undefined/unknown
	Isolation level: undefined/unknown
	Minimum pool size: undefined/unknown
	Maximum pool size: undefined/unknown
2025-02-10T18:56:39.375+05:30  INFO 9784 --- [member-management-service] [restartedMain] o.h.e.t.j.p.i.JtaPlatformInitiator       : HHH000489: No JTA platform available (set 'hibernate.transaction.jta.platform' to enable JTA platform integration)
2025-02-10T18:56:39.444+05:30  INFO 9784 --- [member-management-service] [restartedMain] j.LocalContainerEntityManagerFactoryBean : Initialized JPA EntityManagerFactory for persistence unit 'default'
2025-02-10T18:56:40.008+05:30  WARN 9784 --- [member-management-service] [restartedMain] JpaBaseConfiguration$JpaWebConfiguration : spring.jpa.open-in-view is enabled by default. Therefore, database queries may be performed during view rendering. Explicitly configure spring.jpa.open-in-view to disable this warning
2025-02-10T18:56:40.685+05:30  WARN 9784 --- [member-management-service] [restartedMain] o.s.b.d.a.OptionalLiveReloadServer       : Unable to start LiveReload server
2025-02-10T18:56:40.829+05:30  INFO 9784 --- [member-management-service] [restartedMain] DiscoveryClientOptionalArgsConfiguration : Eureka HTTP Client uses RestTemplate.
2025-02-10T18:56:40.902+05:30  WARN 9784 --- [member-management-service] [restartedMain] iguration$LoadBalancerCaffeineWarnLogger : Spring Cloud LoadBalancer is currently working with the default cache. While this cache implementation is useful for development and tests, it's recommended to use Caffeine cache in production.You can switch to using Caffeine cache, by adding it and org.springframework.cache.caffeine.CaffeineCacheManager to the classpath.
2025-02-10T18:56:40.960+05:30  INFO 9784 --- [member-management-service] [restartedMain] o.s.c.n.eureka.InstanceInfoFactory       : Setting initial instance status as: STARTING
2025-02-10T18:56:40.991+05:30  INFO 9784 --- [member-management-service] [restartedMain] com.netflix.discovery.DiscoveryClient    : Initializing Eureka in region us-east-1
2025-02-10T18:56:40.996+05:30  INFO 9784 --- [member-management-service] [restartedMain] c.n.d.s.r.aws.ConfigClusterResolver      : Resolving eureka endpoints via configuration
2025-02-10T18:56:41.009+05:30  INFO 9784 --- [member-management-service] [restartedMain] com.netflix.discovery.DiscoveryClient    : Disable delta property : false
2025-02-10T18:56:41.010+05:30  INFO 9784 --- [member-management-service] [restartedMain] com.netflix.discovery.DiscoveryClient    : Single vip registry refresh property : null
2025-02-10T18:56:41.010+05:30  INFO 9784 --- [member-management-service] [restartedMain] com.netflix.discovery.DiscoveryClient    : Force full registry fetch : false
2025-02-10T18:56:41.010+05:30  INFO 9784 --- [member-management-service] [restartedMain] com.netflix.discovery.DiscoveryClient    : Application is null : false
2025-02-10T18:56:41.010+05:30  INFO 9784 --- [member-management-service] [restartedMain] com.netflix.discovery.DiscoveryClient    : Registered Applications size is zero : true
2025-02-10T18:56:41.010+05:30  INFO 9784 --- [member-management-service] [restartedMain] com.netflix.discovery.DiscoveryClient    : Application version is -1: true
2025-02-10T18:56:41.011+05:30  INFO 9784 --- [member-management-service] [restartedMain] com.netflix.discovery.DiscoveryClient    : Getting all instance registry info from the eureka server
2025-02-10T18:56:41.316+05:30  INFO 9784 --- [member-management-service] [restartedMain] com.netflix.discovery.DiscoveryClient    : The response status is 200
2025-02-10T18:56:41.318+05:30  INFO 9784 --- [member-management-service] [restartedMain] com.netflix.discovery.DiscoveryClient    : Starting heartbeat executor: renew interval is: 30
2025-02-10T18:56:41.321+05:30  INFO 9784 --- [member-management-service] [restartedMain] c.n.discovery.InstanceInfoReplicator     : InstanceInfoReplicator onDemand update allowed rate per min is 4
2025-02-10T18:56:41.323+05:30  INFO 9784 --- [member-management-service] [restartedMain] com.netflix.discovery.DiscoveryClient    : Discovery Client initialized at timestamp 1739194001323 with initial instances count: 4
2025-02-10T18:56:41.331+05:30  INFO 9784 --- [member-management-service] [restartedMain] o.s.c.n.e.s.EurekaServiceRegistry        : Registering application MEMBER-MANAGEMENT-SERVICE with eureka with status UP
2025-02-10T18:56:41.332+05:30  INFO 9784 --- [member-management-service] [restartedMain] com.netflix.discovery.DiscoveryClient    : Saw local status change event StatusChangeEvent [timestamp=1739194001332, current=UP, previous=STARTING]
2025-02-10T18:56:41.334+05:30  INFO 9784 --- [member-management-service] [DiscoveryClient-InstanceInfoReplicator-%d] com.netflix.discovery.DiscoveryClient    : DiscoveryClient_MEMBER-MANAGEMENT-SERVICE/LTIN563657.cts.com:member-management-service:8082: registering service...
2025-02-10T18:56:41.458+05:30  INFO 9784 --- [member-management-service] [DiscoveryClient-InstanceInfoReplicator-%d] com.netflix.discovery.DiscoveryClient    : DiscoveryClient_MEMBER-MANAGEMENT-SERVICE/LTIN563657.cts.com:member-management-service:8082 - registration status: 204
2025-02-10T18:56:41.460+05:30  INFO 9784 --- [member-management-service] [restartedMain] o.s.b.w.embedded.tomcat.TomcatWebServer  : Tomcat started on port 8082 (http) with context path '/'
2025-02-10T18:56:41.461+05:30  INFO 9784 --- [member-management-service] [restartedMain] .s.c.n.e.s.EurekaAutoServiceRegistration : Updating port to 8082
2025-02-10T18:56:41.472+05:30  INFO 9784 --- [member-management-service] [restartedMain] g.m.m.MemberManagementServiceApplication : Started MemberManagementServiceApplication in 9.126 seconds (process running for 10.728)
2025-02-10T18:56:47.860+05:30  INFO 9784 --- [member-management-service] [http-nio-8082-exec-1] o.a.c.c.C.[Tomcat].[localhost].[/]       : Initializing Spring DispatcherServlet 'dispatcherServlet'
2025-02-10T18:56:47.860+05:30  INFO 9784 --- [member-management-service] [http-nio-8082-exec-1] o.s.web.servlet.DispatcherServlet        : Initializing Servlet 'dispatcherServlet'
2025-02-10T18:56:47.861+05:30  INFO 9784 --- [member-management-service] [http-nio-8082-exec-1] o.s.web.servlet.DispatcherServlet        : Completed initialization in 1 ms
2025-02-10T18:56:47.910+05:30  INFO 9784 --- [member-management-service] [http-nio-8082-exec-1] c.g.m.membership.aop.LoggingAspect       : A method in TeamsService is about to be executed. Method: getMember, Arguments: [2]
2025-02-10T18:56:47.989+05:30  INFO 9784 --- [member-management-service] [http-nio-8082-exec-1] c.g.m.membership.aop.LoggingAspect       : A method in TeamsService has executed successfully. Method: getMember, Result: Member(id=2, firstName=jane, lastName=Foster, email=jane@gmail.com, phoneNumber=98765435243, dateOfBirth=1995-03-31 05:30:00.0, createdAt=2025-02-05T14:05:44.958507, membership=Membership{id=2, membershipType=BASIC, status=ACTIVE, startDate=2025-02-05, endDate=2025-03-05)
2025-02-10T18:56:54.308+05:30  INFO 9784 --- [member-management-service] [http-nio-8082-exec-2] c.g.m.membership.aop.LoggingAspect       : A method in TeamsService is about to be executed. Method: getAllMemberships, Arguments: []
2025-02-10T18:56:54.474+05:30  INFO 9784 --- [member-management-service] [http-nio-8082-exec-2] c.g.m.membership.aop.LoggingAspect       : A method in TeamsService has executed successfully. Method: getAllMemberships, Result: [Membership{id=1, membershipType=BASIC, status=ACTIVE, startDate=2025-02-03, endDate=2025-03-03, Membership{id=2, membershipType=BASIC, status=ACTIVE, startDate=2025-02-05, endDate=2025-03-05]
2025-02-10T18:57:09.022+05:30  INFO 9784 --- [member-management-service] [http-nio-8082-exec-3] c.g.m.membership.aop.LoggingAspect       : A method in TeamsService is about to be executed. Method: getMember, Arguments: [1]
2025-02-10T18:57:09.032+05:30  INFO 9784 --- [member-management-service] [http-nio-8082-exec-3] c.g.m.membership.aop.LoggingAspect       : A method in TeamsService has executed successfully. Method: getMember, Result: Member(id=1, firstName=Mike, lastName=Foster, email=mikefoster@gmail.com, phoneNumber=9876543210, dateOfBirth=1995-03-31 05:30:00.0, createdAt=2025-02-03T14:53:36.737954, membership=Membership{id=1, membershipType=BASIC, status=ACTIVE, startDate=2025-02-03, endDate=2025-03-03)
2025-02-10T18:57:30.653+05:30  INFO 9784 --- [member-management-service] [http-nio-8082-exec-4] c.g.m.membership.aop.LoggingAspect       : A method in TeamsService is about to be executed. Method: getMember, Arguments: [1]
2025-02-10T18:57:30.661+05:30  INFO 9784 --- [member-management-service] [http-nio-8082-exec-4] c.g.m.membership.aop.LoggingAspect       : A method in TeamsService has executed successfully. Method: getMember, Result: Member(id=1, firstName=Mike, lastName=Foster, email=mikefoster@gmail.com, phoneNumber=9876543210, dateOfBirth=1995-03-31 05:30:00.0, createdAt=2025-02-03T14:53:36.737954, membership=Membership{id=1, membershipType=BASIC, status=ACTIVE, startDate=2025-02-03, endDate=2025-03-03)
2025-02-10T18:57:34.886+05:30  INFO 9784 --- [member-management-service] [RMI TCP Connection(9)-127.0.0.1] inMXBeanRegistrar$SpringApplicationAdmin : Application shutdown requested.
2025-02-10T18:57:34.888+05:30  INFO 9784 --- [member-management-service] [RMI TCP Connection(9)-127.0.0.1] o.s.c.n.e.s.EurekaServiceRegistry        : Unregistering application MEMBER-MANAGEMENT-SERVICE with eureka with status DOWN
2025-02-10T18:57:34.888+05:30  INFO 9784 --- [member-management-service] [RMI TCP Connection(9)-127.0.0.1] com.netflix.discovery.DiscoveryClient    : Saw local status change event StatusChangeEvent [timestamp=1739194054888, current=DOWN, previous=UP]
2025-02-10T18:57:34.889+05:30  INFO 9784 --- [member-management-service] [DiscoveryClient-InstanceInfoReplicator-%d] com.netflix.discovery.DiscoveryClient    : DiscoveryClient_MEMBER-MANAGEMENT-SERVICE/LTIN563657.cts.com:member-management-service:8082: registering service...
2025-02-10T18:57:34.891+05:30  INFO 9784 --- [member-management-service] [RMI TCP Connection(9)-127.0.0.1] o.s.b.w.e.tomcat.GracefulShutdown        : Commencing graceful shutdown. Waiting for active requests to complete
2025-02-10T18:57:34.898+05:30  INFO 9784 --- [member-management-service] [tomcat-shutdown] o.s.b.w.e.tomcat.GracefulShutdown        : Graceful shutdown complete
2025-02-10T18:57:34.904+05:30  INFO 9784 --- [member-management-service] [RMI TCP Connection(9)-127.0.0.1] j.LocalContainerEntityManagerFactoryBean : Closing JPA EntityManagerFactory for persistence unit 'default'
2025-02-10T18:57:34.911+05:30  INFO 9784 --- [member-management-service] [RMI TCP Connection(9)-127.0.0.1] com.zaxxer.hikari.HikariDataSource       : HikariPool-1 - Shutdown initiated...
2025-02-10T18:57:34.913+05:30  INFO 9784 --- [member-management-service] [DiscoveryClient-InstanceInfoReplicator-%d] com.netflix.discovery.DiscoveryClient    : DiscoveryClient_MEMBER-MANAGEMENT-SERVICE/LTIN563657.cts.com:member-management-service:8082 - registration status: 204
2025-02-10T18:57:34.921+05:30  INFO 9784 --- [member-management-service] [RMI TCP Connection(9)-127.0.0.1] com.zaxxer.hikari.HikariDataSource       : HikariPool-1 - Shutdown completed.
2025-02-10T18:57:34.922+05:30  INFO 9784 --- [member-management-service] [RMI TCP Connection(9)-127.0.0.1] com.netflix.discovery.DiscoveryClient    : Shutting down DiscoveryClient ...
2025-02-10T18:57:37.925+05:30  INFO 9784 --- [member-management-service] [RMI TCP Connection(9)-127.0.0.1] com.netflix.discovery.DiscoveryClient    : Unregistering ...
2025-02-10T18:57:37.944+05:30  INFO 9784 --- [member-management-service] [RMI TCP Connection(9)-127.0.0.1] com.netflix.discovery.DiscoveryClient    : DiscoveryClient_MEMBER-MANAGEMENT-SERVICE/LTIN563657.cts.com:member-management-service:8082 - deregister  status: 200
2025-02-10T18:57:37.945+05:30  INFO 9784 --- [member-management-service] [RMI TCP Connection(9)-127.0.0.1] com.netflix.discovery.DiscoveryClient    : Completed shut down of DiscoveryClient
