2025-02-10T18:55:24.072+05:30  INFO 25380 --- [fitness-service] [restartedMain] .m.f.MemberManagementService1Application : Starting MemberManagementService1Application using Java 21.0.5 with PID 25380 (C:\Users\2380296\git\Gym Mangement Spring Project\fitness - service\target\classes started by 2380296 in C:\Users\2380296\git\Gym Mangement Spring Project\fitness - service)
2025-02-10T18:55:24.081+05:30  INFO 25380 --- [fitness-service] [restartedMain] .m.f.MemberManagementService1Application : No active profile set, falling back to 1 default profile: "default"
2025-02-10T18:55:24.164+05:30  INFO 25380 --- [fitness-service] [restartedMain] o.s.c.c.c.ConfigServerConfigDataLoader   : Fetching config from server at : http://localhost:1234
2025-02-10T18:55:24.166+05:30  INFO 25380 --- [fitness-service] [restartedMain] o.s.c.c.c.ConfigServerConfigDataLoader   : Located environment: name=fitness-service, profiles=[default], label=null, version=fafb01cfeb56115e257d3079e6e4e99391f82993, state=
2025-02-10T18:55:24.169+05:30  INFO 25380 --- [fitness-service] [restartedMain] .e.DevToolsPropertyDefaultsPostProcessor : Devtools property defaults active! Set 'spring.devtools.add-properties' to 'false' to disable
2025-02-10T18:55:24.170+05:30  INFO 25380 --- [fitness-service] [restartedMain] .e.DevToolsPropertyDefaultsPostProcessor : For additional web related logging consider setting the 'logging.level.web' property to 'DEBUG'
2025-02-10T18:55:25.295+05:30  INFO 25380 --- [fitness-service] [restartedMain] .s.d.r.c.RepositoryConfigurationDelegate : Bootstrapping Spring Data JPA repositories in DEFAULT mode.
2025-02-10T18:55:25.635+05:30  INFO 25380 --- [fitness-service] [restartedMain] .s.d.r.c.RepositoryConfigurationDelegate : Finished Spring Data repository scanning in 317 ms. Found 2 JPA repository interfaces.
2025-02-10T18:55:26.103+05:30  INFO 25380 --- [fitness-service] [restartedMain] o.s.cloud.context.scope.GenericScope     : BeanFactory id=76174e75-b0c7-309b-8f52-94142d90af46
2025-02-10T18:55:26.928+05:30  INFO 25380 --- [fitness-service] [restartedMain] o.s.b.w.embedded.tomcat.TomcatWebServer  : Tomcat initialized with port 8083 (http)
2025-02-10T18:55:26.950+05:30  INFO 25380 --- [fitness-service] [restartedMain] o.apache.catalina.core.StandardService   : Starting service [Tomcat]
2025-02-10T18:55:26.951+05:30  INFO 25380 --- [fitness-service] [restartedMain] o.apache.catalina.core.StandardEngine    : Starting Servlet engine: [Apache Tomcat/10.1.34]
2025-02-10T18:55:27.067+05:30  INFO 25380 --- [fitness-service] [restartedMain] o.a.c.c.C.[Tomcat].[localhost].[/]       : Initializing Spring embedded WebApplicationContext
2025-02-10T18:55:27.068+05:30  INFO 25380 --- [fitness-service] [restartedMain] w.s.c.ServletWebServerApplicationContext : Root WebApplicationContext: initialization completed in 2897 ms
2025-02-10T18:55:27.366+05:30  INFO 25380 --- [fitness-service] [restartedMain] o.hibernate.jpa.internal.util.LogHelper  : HHH000204: Processing PersistenceUnitInfo [name: default]
2025-02-10T18:55:27.473+05:30  INFO 25380 --- [fitness-service] [restartedMain] org.hibernate.Version                    : HHH000412: Hibernate ORM core version 6.6.5.Final
2025-02-10T18:55:27.533+05:30  INFO 25380 --- [fitness-service] [restartedMain] o.h.c.internal.RegionFactoryInitiator    : HHH000026: Second-level cache disabled
2025-02-10T18:55:27.957+05:30  INFO 25380 --- [fitness-service] [restartedMain] o.s.o.j.p.SpringPersistenceUnitInfo      : No LoadTimeWeaver setup: ignoring JPA class transformer
2025-02-10T18:55:28.006+05:30  INFO 25380 --- [fitness-service] [restartedMain] com.zaxxer.hikari.HikariDataSource       : HikariPool-1 - Starting...
2025-02-10T18:55:28.521+05:30  INFO 25380 --- [fitness-service] [restartedMain] com.zaxxer.hikari.pool.HikariPool        : HikariPool-1 - Added connection com.mysql.cj.jdbc.ConnectionImpl@2ab4c909
2025-02-10T18:55:28.524+05:30  INFO 25380 --- [fitness-service] [restartedMain] com.zaxxer.hikari.HikariDataSource       : HikariPool-1 - Start completed.
2025-02-10T18:55:28.637+05:30  WARN 25380 --- [fitness-service] [restartedMain] org.hibernate.orm.deprecation            : HHH90000025: MySQL8Dialect does not need to be specified explicitly using 'hibernate.dialect' (remove the property setting and it will be selected by default)
2025-02-10T18:55:28.639+05:30  WARN 25380 --- [fitness-service] [restartedMain] org.hibernate.orm.deprecation            : HHH90000026: MySQL8Dialect has been deprecated; use org.hibernate.dialect.MySQLDialect instead
2025-02-10T18:55:28.675+05:30  INFO 25380 --- [fitness-service] [restartedMain] org.hibernate.orm.connections.pooling    : HHH10001005: Database info:
	Database JDBC URL [Connecting through datasource 'HikariDataSource (HikariPool-1)']
	Database driver: undefined/unknown
	Database version: 8.0
	Autocommit mode: undefined/unknown
	Isolation level: undefined/unknown
	Minimum pool size: undefined/unknown
	Maximum pool size: undefined/unknown
2025-02-10T18:55:30.602+05:30  INFO 25380 --- [fitness-service] [restartedMain] o.h.e.t.j.p.i.JtaPlatformInitiator       : HHH000489: No JTA platform available (set 'hibernate.transaction.jta.platform' to enable JTA platform integration)
2025-02-10T18:55:30.819+05:30  INFO 25380 --- [fitness-service] [restartedMain] j.LocalContainerEntityManagerFactoryBean : Initialized JPA EntityManagerFactory for persistence unit 'default'
2025-02-10T18:55:31.704+05:30  WARN 25380 --- [fitness-service] [restartedMain] JpaBaseConfiguration$JpaWebConfiguration : spring.jpa.open-in-view is enabled by default. Therefore, database queries may be performed during view rendering. Explicitly configure spring.jpa.open-in-view to disable this warning
2025-02-10T18:55:32.454+05:30  INFO 25380 --- [fitness-service] [restartedMain] o.s.b.d.a.OptionalLiveReloadServer       : LiveReload server is running on port 35729
2025-02-10T18:55:32.553+05:30  INFO 25380 --- [fitness-service] [restartedMain] DiscoveryClientOptionalArgsConfiguration : Eureka HTTP Client uses RestTemplate.
2025-02-10T18:55:32.633+05:30  WARN 25380 --- [fitness-service] [restartedMain] iguration$LoadBalancerCaffeineWarnLogger : Spring Cloud LoadBalancer is currently working with the default cache. While this cache implementation is useful for development and tests, it's recommended to use Caffeine cache in production.You can switch to using Caffeine cache, by adding it and org.springframework.cache.caffeine.CaffeineCacheManager to the classpath.
2025-02-10T18:55:32.731+05:30  INFO 25380 --- [fitness-service] [restartedMain] o.s.c.n.eureka.InstanceInfoFactory       : Setting initial instance status as: STARTING
2025-02-10T18:55:32.791+05:30  INFO 25380 --- [fitness-service] [restartedMain] com.netflix.discovery.DiscoveryClient    : Initializing Eureka in region us-east-1
2025-02-10T18:55:32.802+05:30  INFO 25380 --- [fitness-service] [restartedMain] c.n.d.s.r.aws.ConfigClusterResolver      : Resolving eureka endpoints via configuration
2025-02-10T18:55:32.827+05:30  INFO 25380 --- [fitness-service] [restartedMain] com.netflix.discovery.DiscoveryClient    : Disable delta property : false
2025-02-10T18:55:32.828+05:30  INFO 25380 --- [fitness-service] [restartedMain] com.netflix.discovery.DiscoveryClient    : Single vip registry refresh property : null
2025-02-10T18:55:32.828+05:30  INFO 25380 --- [fitness-service] [restartedMain] com.netflix.discovery.DiscoveryClient    : Force full registry fetch : false
2025-02-10T18:55:32.829+05:30  INFO 25380 --- [fitness-service] [restartedMain] com.netflix.discovery.DiscoveryClient    : Application is null : false
2025-02-10T18:55:32.829+05:30  INFO 25380 --- [fitness-service] [restartedMain] com.netflix.discovery.DiscoveryClient    : Registered Applications size is zero : true
2025-02-10T18:55:32.829+05:30  INFO 25380 --- [fitness-service] [restartedMain] com.netflix.discovery.DiscoveryClient    : Application version is -1: true
2025-02-10T18:55:32.830+05:30  INFO 25380 --- [fitness-service] [restartedMain] com.netflix.discovery.DiscoveryClient    : Getting all instance registry info from the eureka server
2025-02-10T18:55:33.360+05:30  INFO 25380 --- [fitness-service] [restartedMain] com.netflix.discovery.DiscoveryClient    : The response status is 200
2025-02-10T18:55:33.365+05:30  INFO 25380 --- [fitness-service] [restartedMain] com.netflix.discovery.DiscoveryClient    : Starting heartbeat executor: renew interval is: 30
2025-02-10T18:55:33.370+05:30  INFO 25380 --- [fitness-service] [restartedMain] c.n.discovery.InstanceInfoReplicator     : InstanceInfoReplicator onDemand update allowed rate per min is 4
2025-02-10T18:55:33.374+05:30  INFO 25380 --- [fitness-service] [restartedMain] com.netflix.discovery.DiscoveryClient    : Discovery Client initialized at timestamp 1739193933374 with initial instances count: 2
2025-02-10T18:55:33.384+05:30  INFO 25380 --- [fitness-service] [restartedMain] o.s.c.n.e.s.EurekaServiceRegistry        : Registering application FITNESS-SERVICE with eureka with status UP
2025-02-10T18:55:33.385+05:30  INFO 25380 --- [fitness-service] [restartedMain] com.netflix.discovery.DiscoveryClient    : Saw local status change event StatusChangeEvent [timestamp=1739193933385, current=UP, previous=STARTING]
2025-02-10T18:55:33.389+05:30  INFO 25380 --- [fitness-service] [DiscoveryClient-InstanceInfoReplicator-%d] com.netflix.discovery.DiscoveryClient    : DiscoveryClient_FITNESS-SERVICE/LTIN563657.cts.com:fitness-service:8083: registering service...
2025-02-10T18:55:33.432+05:30  INFO 25380 --- [fitness-service] [restartedMain] o.s.b.w.embedded.tomcat.TomcatWebServer  : Tomcat started on port 8083 (http) with context path '/'
2025-02-10T18:55:33.435+05:30  INFO 25380 --- [fitness-service] [restartedMain] .s.c.n.e.s.EurekaAutoServiceRegistration : Updating port to 8083
2025-02-10T18:55:33.467+05:30  INFO 25380 --- [fitness-service] [restartedMain] .m.f.MemberManagementService1Application : Started MemberManagementService1Application in 18.569 seconds (process running for 19.773)
2025-02-10T18:55:33.485+05:30  INFO 25380 --- [fitness-service] [DiscoveryClient-InstanceInfoReplicator-%d] com.netflix.discovery.DiscoveryClient    : DiscoveryClient_FITNESS-SERVICE/LTIN563657.cts.com:fitness-service:8083 - registration status: 204
2025-02-10T18:57:30.541+05:30  INFO 25380 --- [fitness-service] [http-nio-8083-exec-2] o.a.c.c.C.[Tomcat].[localhost].[/]       : Initializing Spring DispatcherServlet 'dispatcherServlet'
2025-02-10T18:57:30.542+05:30  INFO 25380 --- [fitness-service] [http-nio-8083-exec-2] o.s.web.servlet.DispatcherServlet        : Initializing Servlet 'dispatcherServlet'
2025-02-10T18:57:30.544+05:30  INFO 25380 --- [fitness-service] [http-nio-8083-exec-2] o.s.web.servlet.DispatcherServlet        : Completed initialization in 2 ms
2025-02-10T18:57:30.623+05:30  INFO 25380 --- [fitness-service] [http-nio-8083-exec-2] c.g.m.fitness.aop.LoggingAspect          : A method in TeamsService is about to be executed. Method: getMemberWorkouts, Arguments: [1]
2025-02-10T18:57:30.940+05:30  INFO 25380 --- [fitness-service] [http-nio-8083-exec-2] c.g.m.fitness.aop.LoggingAspect          : A method in TeamsService has executed successfully. Method: getMemberWorkouts, Result: [Workout [id=4, memberId=1, workoutName=Chest, workoutDate=2025-02-04T10:07:55.545875, notes=null, createdAt=2025-02-04T10:07:55.545875]]
2025-02-10T18:57:38.468+05:30  INFO 25380 --- [fitness-service] [RMI TCP Connection(11)-127.0.0.1] inMXBeanRegistrar$SpringApplicationAdmin : Application shutdown requested.
2025-02-10T18:57:38.468+05:30  INFO 25380 --- [fitness-service] [RMI TCP Connection(11)-127.0.0.1] o.s.c.n.e.s.EurekaServiceRegistry        : Unregistering application FITNESS-SERVICE with eureka with status DOWN
2025-02-10T18:57:38.469+05:30  INFO 25380 --- [fitness-service] [RMI TCP Connection(11)-127.0.0.1] com.netflix.discovery.DiscoveryClient    : Saw local status change event StatusChangeEvent [timestamp=1739194058469, current=DOWN, previous=UP]
2025-02-10T18:57:38.469+05:30  INFO 25380 --- [fitness-service] [DiscoveryClient-InstanceInfoReplicator-%d] com.netflix.discovery.DiscoveryClient    : DiscoveryClient_FITNESS-SERVICE/LTIN563657.cts.com:fitness-service:8083: registering service...
2025-02-10T18:57:38.471+05:30  INFO 25380 --- [fitness-service] [RMI TCP Connection(11)-127.0.0.1] o.s.b.w.e.tomcat.GracefulShutdown        : Commencing graceful shutdown. Waiting for active requests to complete
2025-02-10T18:57:38.480+05:30  INFO 25380 --- [fitness-service] [tomcat-shutdown] o.s.b.w.e.tomcat.GracefulShutdown        : Graceful shutdown complete
2025-02-10T18:57:38.486+05:30  INFO 25380 --- [fitness-service] [RMI TCP Connection(11)-127.0.0.1] j.LocalContainerEntityManagerFactoryBean : Closing JPA EntityManagerFactory for persistence unit 'default'
2025-02-10T18:57:38.490+05:30  INFO 25380 --- [fitness-service] [DiscoveryClient-InstanceInfoReplicator-%d] com.netflix.discovery.DiscoveryClient    : DiscoveryClient_FITNESS-SERVICE/LTIN563657.cts.com:fitness-service:8083 - registration status: 204
2025-02-10T18:57:38.492+05:30  INFO 25380 --- [fitness-service] [RMI TCP Connection(11)-127.0.0.1] com.zaxxer.hikari.HikariDataSource       : HikariPool-1 - Shutdown initiated...
2025-02-10T18:57:38.502+05:30  INFO 25380 --- [fitness-service] [RMI TCP Connection(11)-127.0.0.1] com.zaxxer.hikari.HikariDataSource       : HikariPool-1 - Shutdown completed.
2025-02-10T18:57:38.503+05:30  INFO 25380 --- [fitness-service] [RMI TCP Connection(11)-127.0.0.1] com.netflix.discovery.DiscoveryClient    : Shutting down DiscoveryClient ...
2025-02-10T18:57:41.515+05:30  INFO 25380 --- [fitness-service] [RMI TCP Connection(11)-127.0.0.1] com.netflix.discovery.DiscoveryClient    : Unregistering ...
2025-02-10T18:57:41.534+05:30  INFO 25380 --- [fitness-service] [RMI TCP Connection(11)-127.0.0.1] com.netflix.discovery.DiscoveryClient    : DiscoveryClient_FITNESS-SERVICE/LTIN563657.cts.com:fitness-service:8083 - deregister  status: 200
2025-02-10T18:57:41.534+05:30  INFO 25380 --- [fitness-service] [RMI TCP Connection(11)-127.0.0.1] com.netflix.discovery.DiscoveryClient    : Completed shut down of DiscoveryClient
